<?xml version="1.0" encoding="UTF-8"?>
<!-- Generated by org.testng.reporters.JUnitXMLReporter -->
<testsuite ignored="0" hostname="DESKTOP-EO9AL9V" failures="1" tests="21" name="Test" time="458.912" errors="0" timestamp="2025-06-05T19:12:45 IST">
  <testcase classname="com.test.Login" name="RegisterInvalidEmail" time="3.023"/>
  <testcase classname="com.test.Login" name="RegisterPasswordEmpty" time="2.106"/>
  <testcase classname="com.test.Login" name="RegisterSuccess" time="23.482"/>
  <testcase classname="com.test.Login" name="LoginInvalidEmail" time="3.072"/>
  <testcase classname="com.test.Login" name="LoginInvalidcredentials" time="40.785"/>
  <testcase classname="com.test.Login" name="LoginSuccess" time="6.157"/>
  <testcase classname="com.test.Login" name="BotEmptyFieldValidation" time="13.23"/>
  <testcase classname="com.test.Login" name="BotCreateSuccess" time="42.606"/>
  <testcase classname="com.test.Login" name="BotUpdateEmptyValidation" time="7.306"/>
  <testcase classname="com.test.Login" name="BotUpdateSuccess" time="42.561"/>
  <testcase classname="com.test.Login" name="BotDelete" time="4.236"/>
  <testcase classname="com.test.Botlist" name="LoginSuccess" time="7.156"/>
  <testcase classname="com.test.Botlist" name="BotCreateSuccess" time="41.473"/>
  <testcase classname="com.test.Botlist" name="FileInvalid" time="17.803"/>
  <testcase classname="com.test.Botlist" name="TXTFileSync" time="19.953"/>
  <testcase classname="com.test.Botlist" name="TXTContentFileSync" time="17.453"/>
  <testcase classname="com.test.Botlist" name="PDFFileSync" time="28.493"/>
  <testcase classname="com.test.Botlist" name="DOCFileSync" time="25.858"/>
  <testcase classname="com.test.Botlist" name="ChatBotsPreview" time="27.646"/>
  <testcase classname="com.test.Botlist" name="Settings" time="4.11">
    <failure type="org.openqa.selenium.ElementClickInterceptedException" message="element click intercepted: Element &amp;lt;a class=&amp;quot;menuli&amp;quot; href=&amp;quot;https://buildchatbot.ai/chatbots/.../?chat_bot=e7a047a9-7973-47b4-9881-7b6a5b31389c&amp;quot;&amp;gt;Settings&amp;lt;/a&amp;gt; is not clickable at point (638, 67). Other element would receive the click: &amp;lt;nav class=&amp;quot;navbar navbar-expand-lg&amp;quot;&amp;gt;...&amp;lt;/nav&amp;gt;
  (Session info: chrome=137.0.7151.55)
Build info: version: &amp;apos;4.19.1&amp;apos;, revision: &amp;apos;abe0ee07dc&amp;apos;
System info: os.name: &amp;apos;Windows 10&amp;apos;, os.arch: &amp;apos;amd64&amp;apos;, os.version: &amp;apos;10.0&amp;apos;, java.version: &amp;apos;17.0.3&amp;apos;
Driver info: org.openqa.selenium.chrome.ChromeDriver
Command: [59c1d1db63d7752e69535c11ce10c01d, clickElement {id=f.9E414023204F3A8670A93959FF98D363.d.92DFE2E3D710ED391FAF63ED457BCDA4.e.5416}]
Capabilities {acceptInsecureCerts: false, browserName: chrome, browserVersion: 137.0.7151.55, chrome: {chromedriverVersion: 137.0.7151.68 (2989ffee9373..., userDataDir: C:\Users\Admin\AppData\Loca...}, fedcm:accounts: true, goog:chromeOptions: {debuggerAddress: localhost:49972}, networkConnectionEnabled: false, pageLoadStrategy: normal, platformName: windows, proxy: Proxy(), se:cdp: ws://localhost:49972/devtoo..., se:cdpVersion: 137.0.7151.55, setWindowRect: true, strictFileInteractability: false, timeouts: {implicit: 0, pageLoad: 300000, script: 30000}, unhandledPromptBehavior: dismiss and notify, webauthn:extension:credBlob: true, webauthn:extension:largeBlob: true, webauthn:extension:minPinLength: true, webauthn:extension:prf: true, webauthn:virtualAuthenticators: true}
Element: [[ChromeDriver: chrome on windows (59c1d1db63d7752e69535c11ce10c01d)] -&amp;gt; xpath: //*[@id=&amp;apos;page&amp;apos;]/section/div[2]/div/div/div/div/div[1]/ul/li[3]/a]
Session ID: 59c1d1db63d7752e69535c11ce10c01d">
      <![CDATA[org.openqa.selenium.ElementClickInterceptedException: element click intercepted: Element <a class="menuli" href="https://buildchatbot.ai/chatbots/.../?chat_bot=e7a047a9-7973-47b4-9881-7b6a5b31389c">Settings</a> is not clickable at point (638, 67). Other element would receive the click: <nav class="navbar navbar-expand-lg">...</nav>
  (Session info: chrome=137.0.7151.55)
Build info: version: '4.19.1', revision: 'abe0ee07dc'
System info: os.name: 'Windows 10', os.arch: 'amd64', os.version: '10.0', java.version: '17.0.3'
Driver info: org.openqa.selenium.chrome.ChromeDriver
Command: [59c1d1db63d7752e69535c11ce10c01d, clickElement {id=f.9E414023204F3A8670A93959FF98D363.d.92DFE2E3D710ED391FAF63ED457BCDA4.e.5416}]
Capabilities {acceptInsecureCerts: false, browserName: chrome, browserVersion: 137.0.7151.55, chrome: {chromedriverVersion: 137.0.7151.68 (2989ffee9373..., userDataDir: C:\Users\Admin\AppData\Loca...}, fedcm:accounts: true, goog:chromeOptions: {debuggerAddress: localhost:49972}, networkConnectionEnabled: false, pageLoadStrategy: normal, platformName: windows, proxy: Proxy(), se:cdp: ws://localhost:49972/devtoo..., se:cdpVersion: 137.0.7151.55, setWindowRect: true, strictFileInteractability: false, timeouts: {implicit: 0, pageLoad: 300000, script: 30000}, unhandledPromptBehavior: dismiss and notify, webauthn:extension:credBlob: true, webauthn:extension:largeBlob: true, webauthn:extension:minPinLength: true, webauthn:extension:prf: true, webauthn:virtualAuthenticators: true}
Element: [[ChromeDriver: chrome on windows (59c1d1db63d7752e69535c11ce10c01d)] -> xpath: //*[@id='page']/section/div[2]/div/div/div/div/div[1]/ul/li[3]/a]
Session ID: 59c1d1db63d7752e69535c11ce10c01d
at org.openqa.selenium.remote.ErrorCodec.decode(ErrorCodec.java:167)
at org.openqa.selenium.remote.codec.w3c.W3CHttpResponseCodec.decode(W3CHttpResponseCodec.java:138)
at org.openqa.selenium.remote.codec.w3c.W3CHttpResponseCodec.decode(W3CHttpResponseCodec.java:50)
at org.openqa.selenium.remote.HttpCommandExecutor.execute(HttpCommandExecutor.java:190)
at org.openqa.selenium.remote.service.DriverCommandExecutor.invokeExecute(DriverCommandExecutor.java:216)
at org.openqa.selenium.remote.service.DriverCommandExecutor.execute(DriverCommandExecutor.java:174)
at org.openqa.selenium.remote.RemoteWebDriver.execute(RemoteWebDriver.java:518)
at org.openqa.selenium.remote.RemoteWebElement.execute(RemoteWebElement.java:223)
at org.openqa.selenium.remote.RemoteWebElement.click(RemoteWebElement.java:76)
at org.bcb.pageobjectclass.Botlist_Pageclass.click(Botlist_Pageclass.java:112)
at org.bcb.pageobjectclass.Botlist_Pageclass.settingssave(Botlist_Pageclass.java:364)
at com.test.Botlist.Settings(Botlist.java:272)
at java.base/java.util.ArrayList.forEach(ArrayList.java:1511)
... Removed 32 stack frames]]>
    </failure>
  </testcase> <!-- Settings -->
  <testcase classname="com.test.Botlist" name="WidgetDownload" time="17.312"/>
</testsuite> <!-- Test -->
